2013/06/02 04:22:31 [error] [system.db.CDbCommand] CDbCommand::fetchAll() failed: SQLSTATE[42S02]: Base table or view not found: 1146 Table 'viam.tbl_migration' doesn't exist. The SQL statement executed was: SHOW FULL COLUMNS FROM `tbl_migration`.
2013/06/02 04:52:32 [error] [exception.CHttpException.404] exception 'CHttpException' with message 'The system is unable to find the requested action "oauth".' in /viam/codebase/portal/softwares/yii/framework/web/CController.php:483
Stack trace:
#0 /viam/codebase/portal/softwares/yii/framework/web/CController.php(270): CController->missingAction('oauth')
#1 /viam/codebase/portal/softwares/yii/framework/web/CWebApplication.php(282): CController->run('oauth')
#2 /viam/codebase/portal/softwares/yii/framework/web/CWebApplication.php(141): CWebApplication->runController('site/oauth')
#3 /viam/codebase/portal/softwares/yii/framework/base/CApplication.php(169): CWebApplication->processRequest()
#4 /viam/codebase/portal/htdocs/index.php(13): CApplication->run()
#5 {main}
REQUEST_URI=/index.php?r=site/oauth&provider=Google
HTTP_REFERER=http://dev.viam.com/index.php?r=site/login
---
2013/06/02 04:52:45 [error] [exception.CHttpException.404] exception 'CHttpException' with message 'The system is unable to find the requested action "oauth".' in /viam/codebase/portal/softwares/yii/framework/web/CController.php:483
Stack trace:
#0 /viam/codebase/portal/softwares/yii/framework/web/CController.php(270): CController->missingAction('oauth')
#1 /viam/codebase/portal/softwares/yii/framework/web/CWebApplication.php(282): CController->run('oauth')
#2 /viam/codebase/portal/softwares/yii/framework/web/CWebApplication.php(141): CWebApplication->runController('site/oauth')
#3 /viam/codebase/portal/softwares/yii/framework/base/CApplication.php(169): CWebApplication->processRequest()
#4 /viam/codebase/portal/htdocs/index.php(13): CApplication->run()
#5 {main}
REQUEST_URI=/index.php?r=site/oauth&provider=Facebook
HTTP_REFERER=http://dev.viam.com/index.php?r=site/login
---
2013/06/02 04:54:00 [error] [exception.CHttpException.404] exception 'CHttpException' with message 'The system is unable to find the requested action "oauth".' in /viam/codebase/portal/softwares/yii/framework/web/CController.php:483
Stack trace:
#0 /viam/codebase/portal/softwares/yii/framework/web/CController.php(270): CController->missingAction('oauth')
#1 /viam/codebase/portal/softwares/yii/framework/web/CWebApplication.php(282): CController->run('oauth')
#2 /viam/codebase/portal/softwares/yii/framework/web/CWebApplication.php(141): CWebApplication->runController('site/oauth')
#3 /viam/codebase/portal/softwares/yii/framework/base/CApplication.php(169): CWebApplication->processRequest()
#4 /viam/codebase/portal/htdocs/index.php(13): CApplication->run()
#5 {main}
REQUEST_URI=/index.php?r=site/oauth&provider=Facebook
HTTP_REFERER=http://dev.viam.com/index.php?r=site/login
---
2013/06/02 04:54:34 [error] [exception.CHttpException.404] exception 'CHttpException' with message 'Unable to resolve the request "registration/registration".' in /viam/codebase/portal/softwares/yii/framework/web/CWebApplication.php:286
Stack trace:
#0 /viam/codebase/portal/softwares/yii/framework/web/CWebApplication.php(141): CWebApplication->runController('registration/re...')
#1 /viam/codebase/portal/softwares/yii/framework/base/CApplication.php(169): CWebApplication->processRequest()
#2 /viam/codebase/portal/htdocs/index.php(13): CApplication->run()
#3 {main}
REQUEST_URI=/index.php?r=registration/registration
---
2013/06/02 04:54:50 [warning] [application] Failed to set unsafe attribute "verifyCode" of "RegistrationForm".
in /viam/codebase/portal/htdocs/protected/modules/user/controllers/RegistrationController.php (33)
in /viam/codebase/portal/htdocs/index.php (13)
2013/06/02 05:07:48 [error] [system.db.CDbCommand] CDbCommand::fetchAll() failed: SQLSTATE[42S02]: Base table or view not found: 1146 Table 'viam.tbl_user_oauth' doesn't exist. The SQL statement executed was: SHOW FULL COLUMNS FROM `tbl_user_oauth`.
in /viam/codebase/portal/htdocs/protected/extensions/hoauth/models/UserOAuth.php (47)
in /viam/codebase/portal/htdocs/protected/extensions/hoauth/HOAuthAction.php (177)
in /viam/codebase/portal/htdocs/protected/extensions/hoauth/HOAuthAction.php (153)
2013/06/02 05:07:48 [error] [system.db.CDbCommand] CDbCommand::fetchAll() failed: SQLSTATE[42S02]: Base table or view not found: 1146 Table 'viam.user_oauth' doesn't exist. The SQL statement executed was: SHOW FULL COLUMNS FROM `user_oauth`.
in /viam/codebase/portal/htdocs/protected/extensions/hoauth/models/UserOAuth.php (304)
in /viam/codebase/portal/htdocs/protected/extensions/hoauth/models/UserOAuth.php (56)
in /viam/codebase/portal/htdocs/protected/extensions/hoauth/HOAuthAction.php (177)
2013/06/02 05:13:21 [error] [php] Trying to get property of non-object (/viam/codebase/portal/htdocs/protected/extensions/hoauth/models/HUserInfoForm.php:112)
Stack trace:
#0 /viam/codebase/portal/softwares/yii/framework/base/CModel.php(159): CInlineValidator->validate()
#1 /viam/codebase/portal/softwares/yii/framework/web/form/CForm.php(205): HUserInfoForm->validate()
#2 /viam/codebase/portal/htdocs/protected/extensions/hoauth/models/HUserInfoForm.php(146): CForm->validate()
#3 /viam/codebase/portal/softwares/yii/framework/base/CComponent.php(111): HUserInfoForm->getIsFormValid()
#4 /viam/codebase/portal/htdocs/protected/extensions/hoauth/models/HUserInfoForm.php(170): HUserInfoForm->__get()
#5 /viam/codebase/portal/htdocs/protected/extensions/hoauth/HOAuthAction.php(322): HUserInfoForm->validateUser()
#6 /viam/codebase/portal/htdocs/protected/extensions/hoauth/HOAuthAction.php(218): HOAuthAction->processUser()
#7 /viam/codebase/portal/htdocs/protected/extensions/hoauth/HOAuthAction.php(153): HOAuthAction->oAuth()
#8 /viam/codebase/portal/softwares/yii/framework/web/actions/CAction.php(76): HOAuthAction->run()
#9 /viam/codebase/portal/softwares/yii/framework/web/CController.php(308): HOAuthAction->runWithParams()
#10 /viam/codebase/portal/softwares/yii/framework/web/CController.php(286): RegistrationController->runAction()
#11 /viam/codebase/portal/softwares/yii/framework/web/CController.php(265): RegistrationController->runActionWithFilters()
#12 /viam/codebase/portal/softwares/yii/framework/web/CWebApplication.php(282): RegistrationController->run()
#13 /viam/codebase/portal/softwares/yii/framework/web/CWebApplication.php(141): CWebApplication->runController()
#14 /viam/codebase/portal/softwares/yii/framework/base/CApplication.php(169): CWebApplication->processRequest()
#15 /viam/codebase/portal/htdocs/index.php(13): CWebApplication->run()
REQUEST_URI=/index.php?r=user/registration/oauth&provider=Google
in /viam/codebase/portal/htdocs/protected/extensions/hoauth/models/HUserInfoForm.php (112)
in /viam/codebase/portal/htdocs/protected/extensions/hoauth/models/HUserInfoForm.php (146)
in /viam/codebase/portal/htdocs/protected/extensions/hoauth/models/HUserInfoForm.php (170)
2013/06/02 05:14:20 [error] [php] Trying to get property of non-object (/viam/codebase/portal/htdocs/protected/extensions/hoauth/models/HUserInfoForm.php:112)
Stack trace:
#0 /viam/codebase/portal/softwares/yii/framework/base/CModel.php(159): CInlineValidator->validate()
#1 /viam/codebase/portal/softwares/yii/framework/web/form/CForm.php(205): HUserInfoForm->validate()
#2 /viam/codebase/portal/htdocs/protected/extensions/hoauth/models/HUserInfoForm.php(146): CForm->validate()
#3 /viam/codebase/portal/softwares/yii/framework/base/CComponent.php(111): HUserInfoForm->getIsFormValid()
#4 /viam/codebase/portal/htdocs/protected/extensions/hoauth/models/HUserInfoForm.php(170): HUserInfoForm->__get()
#5 /viam/codebase/portal/htdocs/protected/extensions/hoauth/HOAuthAction.php(322): HUserInfoForm->validateUser()
#6 /viam/codebase/portal/htdocs/protected/extensions/hoauth/HOAuthAction.php(218): HOAuthAction->processUser()
#7 /viam/codebase/portal/htdocs/protected/extensions/hoauth/HOAuthAction.php(153): HOAuthAction->oAuth()
#8 /viam/codebase/portal/softwares/yii/framework/web/actions/CAction.php(76): HOAuthAction->run()
#9 /viam/codebase/portal/softwares/yii/framework/web/CController.php(308): HOAuthAction->runWithParams()
#10 /viam/codebase/portal/softwares/yii/framework/web/CController.php(286): RegistrationController->runAction()
#11 /viam/codebase/portal/softwares/yii/framework/web/CController.php(265): RegistrationController->runActionWithFilters()
#12 /viam/codebase/portal/softwares/yii/framework/web/CWebApplication.php(282): RegistrationController->run()
#13 /viam/codebase/portal/softwares/yii/framework/web/CWebApplication.php(141): CWebApplication->runController()
#14 /viam/codebase/portal/softwares/yii/framework/base/CApplication.php(169): CWebApplication->processRequest()
#15 /viam/codebase/portal/htdocs/index.php(13): CWebApplication->run()
REQUEST_URI=/index.php?r=user/registration/oauth&provider=Google
in /viam/codebase/portal/htdocs/protected/extensions/hoauth/models/HUserInfoForm.php (112)
in /viam/codebase/portal/htdocs/protected/extensions/hoauth/models/HUserInfoForm.php (146)
in /viam/codebase/portal/htdocs/protected/extensions/hoauth/models/HUserInfoForm.php (170)
2013/06/02 05:14:58 [error] [php] Trying to get property of non-object (/viam/codebase/portal/htdocs/protected/extensions/hoauth/models/HUserInfoForm.php:112)
Stack trace:
#0 /viam/codebase/portal/softwares/yii/framework/base/CModel.php(159): CInlineValidator->validate()
#1 /viam/codebase/portal/softwares/yii/framework/web/form/CForm.php(205): HUserInfoForm->validate()
#2 /viam/codebase/portal/htdocs/protected/extensions/hoauth/models/HUserInfoForm.php(146): CForm->validate()
#3 /viam/codebase/portal/softwares/yii/framework/base/CComponent.php(111): HUserInfoForm->getIsFormValid()
#4 /viam/codebase/portal/htdocs/protected/extensions/hoauth/models/HUserInfoForm.php(170): HUserInfoForm->__get()
#5 /viam/codebase/portal/htdocs/protected/extensions/hoauth/HOAuthAction.php(322): HUserInfoForm->validateUser()
#6 /viam/codebase/portal/htdocs/protected/extensions/hoauth/HOAuthAction.php(218): HOAuthAction->processUser()
#7 /viam/codebase/portal/htdocs/protected/extensions/hoauth/HOAuthAction.php(153): HOAuthAction->oAuth()
#8 /viam/codebase/portal/softwares/yii/framework/web/actions/CAction.php(76): HOAuthAction->run()
#9 /viam/codebase/portal/softwares/yii/framework/web/CController.php(308): HOAuthAction->runWithParams()
#10 /viam/codebase/portal/softwares/yii/framework/web/CController.php(286): RegistrationController->runAction()
#11 /viam/codebase/portal/softwares/yii/framework/web/CController.php(265): RegistrationController->runActionWithFilters()
#12 /viam/codebase/portal/softwares/yii/framework/web/CWebApplication.php(282): RegistrationController->run()
#13 /viam/codebase/portal/softwares/yii/framework/web/CWebApplication.php(141): CWebApplication->runController()
#14 /viam/codebase/portal/softwares/yii/framework/base/CApplication.php(169): CWebApplication->processRequest()
#15 /viam/codebase/portal/htdocs/index.php(13): CWebApplication->run()
REQUEST_URI=/index.php?r=user/registration/oauth&provider=Google
in /viam/codebase/portal/htdocs/protected/extensions/hoauth/models/HUserInfoForm.php (112)
in /viam/codebase/portal/htdocs/protected/extensions/hoauth/models/HUserInfoForm.php (146)
in /viam/codebase/portal/htdocs/protected/extensions/hoauth/models/HUserInfoForm.php (170)
2013/06/02 05:23:57 [error] [exception.CException] exception 'CException' with message 'Alias "application.modules.user.components.LoginWidget" is invalid. Make sure it points to an existing PHP file and the file is readable.' in /viam/codebase/portal/softwares/yii/framework/YiiBase.php:316
Stack trace:
#0 /viam/codebase/portal/softwares/yii/framework/web/CWidgetFactory.php(146): YiiBase::import('application.mod...', true)
#1 /viam/codebase/portal/softwares/yii/framework/web/CBaseController.php(146): CWidgetFactory->createWidget(Object(SiteController), 'application.mod...', Array)
#2 /viam/codebase/portal/softwares/yii/framework/web/CBaseController.php(172): CBaseController->createWidget('application.mod...', Array)
#3 /viam/codebase/portal/htdocs/protected/views/layouts/main.php(84): CBaseController->widget('application.mod...')
#4 /viam/codebase/portal/softwares/yii/framework/web/CBaseController.php(126): require('/viam/codebase/...')
#5 /viam/codebase/portal/softwares/yii/framework/web/CBaseController.php(95): CBaseController->renderInternal('/viam/codebase/...', Array, true)
#6 /viam/codebase/portal/softwares/yii/framework/web/widgets/CContentDecorator.php(76): CBaseController->renderFile('/viam/codebase/...', Array, true)
#7 /viam/codebase/portal/softwares/yii/framework/web/widgets/CContentDecorator.php(54): CContentDecorator->decorate('<div id="conten...')
#8 /viam/codebase/portal/softwares/yii/framework/web/widgets/COutputProcessor.php(44): CContentDecorator->processOutput('<div id="conten...')
#9 /viam/codebase/portal/softwares/yii/framework/web/CBaseController.php(206): COutputProcessor->run()
#10 /viam/codebase/portal/softwares/yii/framework/web/CBaseController.php(300): CBaseController->endWidget('CContentDecorat...')
#11 /viam/codebase/portal/htdocs/protected/views/layouts/column1.php(6): CBaseController->endContent()
#12 /viam/codebase/portal/softwares/yii/framework/web/CBaseController.php(126): require('/viam/codebase/...')
#13 /viam/codebase/portal/softwares/yii/framework/web/CBaseController.php(95): CBaseController->renderInternal('/viam/codebase/...', Array, true)
#14 /viam/codebase/portal/softwares/yii/framework/web/CController.php(784): CBaseController->renderFile('/viam/codebase/...', Array, true)
#15 /viam/codebase/portal/htdocs/protected/controllers/SiteController.php(32): CController->render('index')
#16 /viam/codebase/portal/softwares/yii/framework/web/actions/CInlineAction.php(49): SiteController->actionIndex()
#17 /viam/codebase/portal/softwares/yii/framework/web/CController.php(308): CInlineAction->runWithParams(Array)
#18 /viam/codebase/portal/softwares/yii/framework/web/CController.php(286): CController->runAction(Object(CInlineAction))
#19 /viam/codebase/portal/softwares/yii/framework/web/CController.php(265): CController->runActionWithFilters(Object(CInlineAction), Array)
#20 /viam/codebase/portal/softwares/yii/framework/web/CWebApplication.php(282): CController->run('')
#21 /viam/codebase/portal/softwares/yii/framework/web/CWebApplication.php(141): CWebApplication->runController('')
#22 /viam/codebase/portal/softwares/yii/framework/base/CApplication.php(169): CWebApplication->processRequest()
#23 /viam/codebase/portal/htdocs/index.php(13): CApplication->run()
#24 {main}
REQUEST_URI=/
---
2013/06/02 05:59:00 [error] [exception.CException] exception 'CException' with message 'Alias "bootstrap.widgets.TbHeroUnit" is invalid. Make sure it points to an existing PHP file and the file is readable.' in /viam/codebase/portal/softwares/yii/framework/YiiBase.php:316
Stack trace:
#0 /viam/codebase/portal/softwares/yii/framework/web/CWidgetFactory.php(146): YiiBase::import('bootstrap.widge...', true)
#1 /viam/codebase/portal/softwares/yii/framework/web/CBaseController.php(146): CWidgetFactory->createWidget(Object(SiteController), 'bootstrap.widge...', Array)
#2 /viam/codebase/portal/softwares/yii/framework/web/CBaseController.php(189): CBaseController->createWidget('bootstrap.widge...', Array)
#3 /viam/codebase/portal/htdocs/themes/bootstrap/views/site/index.php(9): CBaseController->beginWidget('bootstrap.widge...', Array)
#4 /viam/codebase/portal/softwares/yii/framework/web/CBaseController.php(126): require('/viam/codebase/...')
#5 /viam/codebase/portal/softwares/yii/framework/web/CBaseController.php(95): CBaseController->renderInternal('/viam/codebase/...', NULL, true)
#6 /viam/codebase/portal/softwares/yii/framework/web/CController.php(869): CBaseController->renderFile('/viam/codebase/...', NULL, true)
#7 /viam/codebase/portal/softwares/yii/framework/web/CController.php(782): CController->renderPartial('index', NULL, true)
#8 /viam/codebase/portal/htdocs/protected/controllers/SiteController.php(32): CController->render('index')
#9 /viam/codebase/portal/softwares/yii/framework/web/actions/CInlineAction.php(49): SiteController->actionIndex()
#10 /viam/codebase/portal/softwares/yii/framework/web/CController.php(308): CInlineAction->runWithParams(Array)
#11 /viam/codebase/portal/softwares/yii/framework/web/CController.php(286): CController->runAction(Object(CInlineAction))
#12 /viam/codebase/portal/softwares/yii/framework/web/CController.php(265): CController->runActionWithFilters(Object(CInlineAction), Array)
#13 /viam/codebase/portal/softwares/yii/framework/web/CWebApplication.php(282): CController->run('')
#14 /viam/codebase/portal/softwares/yii/framework/web/CWebApplication.php(141): CWebApplication->runController('')
#15 /viam/codebase/portal/softwares/yii/framework/base/CApplication.php(169): CWebApplication->processRequest()
#16 /viam/codebase/portal/htdocs/index.php(14): CApplication->run()
#17 {main}
REQUEST_URI=/
---
2013/06/02 06:00:49 [error] [exception.CException] exception 'CException' with message 'Alias "bootstrap.widgets.TbHeroUnit" is invalid. Make sure it points to an existing PHP file and the file is readable.' in /viam/codebase/portal/softwares/yii/framework/YiiBase.php:316
Stack trace:
#0 /viam/codebase/portal/softwares/yii/framework/web/CWidgetFactory.php(146): YiiBase::import('bootstrap.widge...', true)
#1 /viam/codebase/portal/softwares/yii/framework/web/CBaseController.php(146): CWidgetFactory->createWidget(Object(SiteController), 'bootstrap.widge...', Array)
#2 /viam/codebase/portal/softwares/yii/framework/web/CBaseController.php(189): CBaseController->createWidget('bootstrap.widge...', Array)
#3 /viam/codebase/portal/htdocs/themes/bootstrap/views/site/index.php(9): CBaseController->beginWidget('bootstrap.widge...', Array)
#4 /viam/codebase/portal/softwares/yii/framework/web/CBaseController.php(126): require('/viam/codebase/...')
#5 /viam/codebase/portal/softwares/yii/framework/web/CBaseController.php(95): CBaseController->renderInternal('/viam/codebase/...', NULL, true)
#6 /viam/codebase/portal/softwares/yii/framework/web/CController.php(869): CBaseController->renderFile('/viam/codebase/...', NULL, true)
#7 /viam/codebase/portal/softwares/yii/framework/web/CController.php(782): CController->renderPartial('index', NULL, true)
#8 /viam/codebase/portal/htdocs/protected/controllers/SiteController.php(32): CController->render('index')
#9 /viam/codebase/portal/softwares/yii/framework/web/actions/CInlineAction.php(49): SiteController->actionIndex()
#10 /viam/codebase/portal/softwares/yii/framework/web/CController.php(308): CInlineAction->runWithParams(Array)
#11 /viam/codebase/portal/softwares/yii/framework/web/CController.php(286): CController->runAction(Object(CInlineAction))
#12 /viam/codebase/portal/softwares/yii/framework/web/CController.php(265): CController->runActionWithFilters(Object(CInlineAction), Array)
#13 /viam/codebase/portal/softwares/yii/framework/web/CWebApplication.php(282): CController->run('')
#14 /viam/codebase/portal/softwares/yii/framework/web/CWebApplication.php(141): CWebApplication->runController('')
#15 /viam/codebase/portal/softwares/yii/framework/base/CApplication.php(169): CWebApplication->processRequest()
#16 /viam/codebase/portal/htdocs/index.php(14): CApplication->run()
#17 {main}
REQUEST_URI=/
---
2013/06/02 06:04:06 [error] [exception.CException] exception 'CException' with message 'Alias "bootstrap.widgets.TbHeroUnit" is invalid. Make sure it points to an existing PHP file and the file is readable.' in /viam/codebase/portal/softwares/yii/framework/YiiBase.php:316
Stack trace:
#0 /viam/codebase/portal/softwares/yii/framework/web/CWidgetFactory.php(146): YiiBase::import('bootstrap.widge...', true)
#1 /viam/codebase/portal/softwares/yii/framework/web/CBaseController.php(146): CWidgetFactory->createWidget(Object(SiteController), 'bootstrap.widge...', Array)
#2 /viam/codebase/portal/softwares/yii/framework/web/CBaseController.php(189): CBaseController->createWidget('bootstrap.widge...', Array)
#3 /viam/codebase/portal/htdocs/themes/bootstrap/views/site/index.php(9): CBaseController->beginWidget('bootstrap.widge...', Array)
#4 /viam/codebase/portal/softwares/yii/framework/web/CBaseController.php(126): require('/viam/codebase/...')
#5 /viam/codebase/portal/softwares/yii/framework/web/CBaseController.php(95): CBaseController->renderInternal('/viam/codebase/...', NULL, true)
#6 /viam/codebase/portal/softwares/yii/framework/web/CController.php(869): CBaseController->renderFile('/viam/codebase/...', NULL, true)
#7 /viam/codebase/portal/softwares/yii/framework/web/CController.php(782): CController->renderPartial('index', NULL, true)
#8 /viam/codebase/portal/htdocs/protected/controllers/SiteController.php(32): CController->render('index')
#9 /viam/codebase/portal/softwares/yii/framework/web/actions/CInlineAction.php(49): SiteController->actionIndex()
#10 /viam/codebase/portal/softwares/yii/framework/web/CController.php(308): CInlineAction->runWithParams(Array)
#11 /viam/codebase/portal/softwares/yii/framework/web/CController.php(286): CController->runAction(Object(CInlineAction))
#12 /viam/codebase/portal/softwares/yii/framework/web/CController.php(265): CController->runActionWithFilters(Object(CInlineAction), Array)
#13 /viam/codebase/portal/softwares/yii/framework/web/CWebApplication.php(282): CController->run('')
#14 /viam/codebase/portal/softwares/yii/framework/web/CWebApplication.php(141): CWebApplication->runController('')
#15 /viam/codebase/portal/softwares/yii/framework/base/CApplication.php(169): CWebApplication->processRequest()
#16 /viam/codebase/portal/htdocs/index.php(14): CApplication->run()
#17 {main}
REQUEST_URI=/
---
2013/06/02 06:04:14 [error] [exception.CException] exception 'CException' with message 'Alias "bootstrap.widgets.TbHeroUnit" is invalid. Make sure it points to an existing PHP file and the file is readable.' in /viam/codebase/portal/softwares/yii/framework/YiiBase.php:316
Stack trace:
#0 /viam/codebase/portal/softwares/yii/framework/web/CWidgetFactory.php(146): YiiBase::import('bootstrap.widge...', true)
#1 /viam/codebase/portal/softwares/yii/framework/web/CBaseController.php(146): CWidgetFactory->createWidget(Object(SiteController), 'bootstrap.widge...', Array)
#2 /viam/codebase/portal/softwares/yii/framework/web/CBaseController.php(189): CBaseController->createWidget('bootstrap.widge...', Array)
#3 /viam/codebase/portal/htdocs/themes/bootstrap/views/site/index.php(9): CBaseController->beginWidget('bootstrap.widge...', Array)
#4 /viam/codebase/portal/softwares/yii/framework/web/CBaseController.php(126): require('/viam/codebase/...')
#5 /viam/codebase/portal/softwares/yii/framework/web/CBaseController.php(95): CBaseController->renderInternal('/viam/codebase/...', NULL, true)
#6 /viam/codebase/portal/softwares/yii/framework/web/CController.php(869): CBaseController->renderFile('/viam/codebase/...', NULL, true)
#7 /viam/codebase/portal/softwares/yii/framework/web/CController.php(782): CController->renderPartial('index', NULL, true)
#8 /viam/codebase/portal/htdocs/protected/controllers/SiteController.php(32): CController->render('index')
#9 /viam/codebase/portal/softwares/yii/framework/web/actions/CInlineAction.php(49): SiteController->actionIndex()
#10 /viam/codebase/portal/softwares/yii/framework/web/CController.php(308): CInlineAction->runWithParams(Array)
#11 /viam/codebase/portal/softwares/yii/framework/web/CController.php(286): CController->runAction(Object(CInlineAction))
#12 /viam/codebase/portal/softwares/yii/framework/web/CController.php(265): CController->runActionWithFilters(Object(CInlineAction), Array)
#13 /viam/codebase/portal/softwares/yii/framework/web/CWebApplication.php(282): CController->run('')
#14 /viam/codebase/portal/softwares/yii/framework/web/CWebApplication.php(141): CWebApplication->runController('')
#15 /viam/codebase/portal/softwares/yii/framework/base/CApplication.php(169): CWebApplication->processRequest()
#16 /viam/codebase/portal/htdocs/index.php(14): CApplication->run()
#17 {main}
REQUEST_URI=/index.php
---
2013/06/02 06:05:02 [error] [exception.CException] exception 'CException' with message 'Alias "bootstrap.widgets.TbHeroUnit" is invalid. Make sure it points to an existing PHP file and the file is readable.' in /viam/codebase/portal/softwares/yii/framework/YiiBase.php:317
Stack trace:
#0 /viam/codebase/portal/softwares/yii/framework/web/CWidgetFactory.php(146): YiiBase::import('bootstrap.widge...', true)
#1 /viam/codebase/portal/softwares/yii/framework/web/CBaseController.php(146): CWidgetFactory->createWidget(Object(SiteController), 'bootstrap.widge...', Array)
#2 /viam/codebase/portal/softwares/yii/framework/web/CBaseController.php(189): CBaseController->createWidget('bootstrap.widge...', Array)
#3 /viam/codebase/portal/htdocs/themes/bootstrap/views/site/index.php(9): CBaseController->beginWidget('bootstrap.widge...', Array)
#4 /viam/codebase/portal/softwares/yii/framework/web/CBaseController.php(126): require('/viam/codebase/...')
#5 /viam/codebase/portal/softwares/yii/framework/web/CBaseController.php(95): CBaseController->renderInternal('/viam/codebase/...', NULL, true)
#6 /viam/codebase/portal/softwares/yii/framework/web/CController.php(869): CBaseController->renderFile('/viam/codebase/...', NULL, true)
#7 /viam/codebase/portal/softwares/yii/framework/web/CController.php(782): CController->renderPartial('index', NULL, true)
#8 /viam/codebase/portal/htdocs/protected/controllers/SiteController.php(32): CController->render('index')
#9 /viam/codebase/portal/softwares/yii/framework/web/actions/CInlineAction.php(49): SiteController->actionIndex()
#10 /viam/codebase/portal/softwares/yii/framework/web/CController.php(308): CInlineAction->runWithParams(Array)
#11 /viam/codebase/portal/softwares/yii/framework/web/CController.php(286): CController->runAction(Object(CInlineAction))
#12 /viam/codebase/portal/softwares/yii/framework/web/CController.php(265): CController->runActionWithFilters(Object(CInlineAction), Array)
#13 /viam/codebase/portal/softwares/yii/framework/web/CWebApplication.php(282): CController->run('')
#14 /viam/codebase/portal/softwares/yii/framework/web/CWebApplication.php(141): CWebApplication->runController('')
#15 /viam/codebase/portal/softwares/yii/framework/base/CApplication.php(169): CWebApplication->processRequest()
#16 /viam/codebase/portal/htdocs/index.php(14): CApplication->run()
#17 {main}
REQUEST_URI=/index.php
---
2013/06/02 06:05:25 [error] [exception.CException] exception 'CException' with message 'Alias "bootstrap.widgets.TbHeroUnit" is invalid. Make sure it points to an existing PHP file and the file is readable.' in /viam/codebase/portal/softwares/yii/framework/YiiBase.php:317
Stack trace:
#0 /viam/codebase/portal/softwares/yii/framework/web/CWidgetFactory.php(146): YiiBase::import('bootstrap.widge...', true)
#1 /viam/codebase/portal/softwares/yii/framework/web/CBaseController.php(146): CWidgetFactory->createWidget(Object(SiteController), 'bootstrap.widge...', Array)
#2 /viam/codebase/portal/softwares/yii/framework/web/CBaseController.php(189): CBaseController->createWidget('bootstrap.widge...', Array)
#3 /viam/codebase/portal/htdocs/themes/bootstrap/views/site/index.php(9): CBaseController->beginWidget('bootstrap.widge...', Array)
#4 /viam/codebase/portal/softwares/yii/framework/web/CBaseController.php(126): require('/viam/codebase/...')
#5 /viam/codebase/portal/softwares/yii/framework/web/CBaseController.php(95): CBaseController->renderInternal('/viam/codebase/...', NULL, true)
#6 /viam/codebase/portal/softwares/yii/framework/web/CController.php(869): CBaseController->renderFile('/viam/codebase/...', NULL, true)
#7 /viam/codebase/portal/softwares/yii/framework/web/CController.php(782): CController->renderPartial('index', NULL, true)
#8 /viam/codebase/portal/htdocs/protected/controllers/SiteController.php(32): CController->render('index')
#9 /viam/codebase/portal/softwares/yii/framework/web/actions/CInlineAction.php(49): SiteController->actionIndex()
#10 /viam/codebase/portal/softwares/yii/framework/web/CController.php(308): CInlineAction->runWithParams(Array)
#11 /viam/codebase/portal/softwares/yii/framework/web/CController.php(286): CController->runAction(Object(CInlineAction))
#12 /viam/codebase/portal/softwares/yii/framework/web/CController.php(265): CController->runActionWithFilters(Object(CInlineAction), Array)
#13 /viam/codebase/portal/softwares/yii/framework/web/CWebApplication.php(282): CController->run('')
#14 /viam/codebase/portal/softwares/yii/framework/web/CWebApplication.php(141): CWebApplication->runController('')
#15 /viam/codebase/portal/softwares/yii/framework/base/CApplication.php(169): CWebApplication->processRequest()
#16 /viam/codebase/portal/htdocs/index.php(14): CApplication->run()
#17 {main}
REQUEST_URI=/index.php
---
2013/06/02 06:10:15 [error] [exception.CException] exception 'CException' with message 'Alias "bootstrap.widgets.TbHeroUnit" is invalid. Make sure it points to an existing PHP file and the file is readable.' in /viam/codebase/portal/softwares/yii/framework/YiiBase.php:318
Stack trace:
#0 /viam/codebase/portal/softwares/yii/framework/web/CWidgetFactory.php(146): YiiBase::import('bootstrap.widge...', true)
#1 /viam/codebase/portal/softwares/yii/framework/web/CBaseController.php(146): CWidgetFactory->createWidget(Object(SiteController), 'bootstrap.widge...', Array)
#2 /viam/codebase/portal/softwares/yii/framework/web/CBaseController.php(189): CBaseController->createWidget('bootstrap.widge...', Array)
#3 /viam/codebase/portal/htdocs/themes/bootstrap/views/site/index.php(9): CBaseController->beginWidget('bootstrap.widge...', Array)
#4 /viam/codebase/portal/softwares/yii/framework/web/CBaseController.php(126): require('/viam/codebase/...')
#5 /viam/codebase/portal/softwares/yii/framework/web/CBaseController.php(95): CBaseController->renderInternal('/viam/codebase/...', NULL, true)
#6 /viam/codebase/portal/softwares/yii/framework/web/CController.php(869): CBaseController->renderFile('/viam/codebase/...', NULL, true)
#7 /viam/codebase/portal/softwares/yii/framework/web/CController.php(782): CController->renderPartial('index', NULL, true)
#8 /viam/codebase/portal/htdocs/protected/controllers/SiteController.php(32): CController->render('index')
#9 /viam/codebase/portal/softwares/yii/framework/web/actions/CInlineAction.php(49): SiteController->actionIndex()
#10 /viam/codebase/portal/softwares/yii/framework/web/CController.php(308): CInlineAction->runWithParams(Array)
#11 /viam/codebase/portal/softwares/yii/framework/web/CController.php(286): CController->runAction(Object(CInlineAction))
#12 /viam/codebase/portal/softwares/yii/framework/web/CController.php(265): CController->runActionWithFilters(Object(CInlineAction), Array)
#13 /viam/codebase/portal/softwares/yii/framework/web/CWebApplication.php(282): CController->run('')
#14 /viam/codebase/portal/softwares/yii/framework/web/CWebApplication.php(141): CWebApplication->runController('')
#15 /viam/codebase/portal/softwares/yii/framework/base/CApplication.php(169): CWebApplication->processRequest()
#16 /viam/codebase/portal/htdocs/index.php(14): CApplication->run()
#17 {main}
REQUEST_URI=/index.php
---
2013/06/02 06:11:12 [error] [exception.CException] exception 'CException' with message 'Alias "bootstrap.widgets.TbHeroUnit" is invalid. Make sure it points to an existing PHP file and the file is readable.' in /viam/codebase/portal/softwares/yii/framework/YiiBase.php:318
Stack trace:
#0 /viam/codebase/portal/softwares/yii/framework/web/CWidgetFactory.php(146): YiiBase::import('bootstrap.widge...', true)
#1 /viam/codebase/portal/softwares/yii/framework/web/CBaseController.php(146): CWidgetFactory->createWidget(Object(SiteController), 'bootstrap.widge...', Array)
#2 /viam/codebase/portal/softwares/yii/framework/web/CBaseController.php(189): CBaseController->createWidget('bootstrap.widge...', Array)
#3 /viam/codebase/portal/htdocs/themes/bootstrap/views/site/index.php(9): CBaseController->beginWidget('bootstrap.widge...', Array)
#4 /viam/codebase/portal/softwares/yii/framework/web/CBaseController.php(126): require('/viam/codebase/...')
#5 /viam/codebase/portal/softwares/yii/framework/web/CBaseController.php(95): CBaseController->renderInternal('/viam/codebase/...', NULL, true)
#6 /viam/codebase/portal/softwares/yii/framework/web/CController.php(869): CBaseController->renderFile('/viam/codebase/...', NULL, true)
#7 /viam/codebase/portal/softwares/yii/framework/web/CController.php(782): CController->renderPartial('index', NULL, true)
#8 /viam/codebase/portal/htdocs/protected/controllers/SiteController.php(32): CController->render('index')
#9 /viam/codebase/portal/softwares/yii/framework/web/actions/CInlineAction.php(49): SiteController->actionIndex()
#10 /viam/codebase/portal/softwares/yii/framework/web/CController.php(308): CInlineAction->runWithParams(Array)
#11 /viam/codebase/portal/softwares/yii/framework/web/CController.php(286): CController->runAction(Object(CInlineAction))
#12 /viam/codebase/portal/softwares/yii/framework/web/CController.php(265): CController->runActionWithFilters(Object(CInlineAction), Array)
#13 /viam/codebase/portal/softwares/yii/framework/web/CWebApplication.php(282): CController->run('')
#14 /viam/codebase/portal/softwares/yii/framework/web/CWebApplication.php(141): CWebApplication->runController('')
#15 /viam/codebase/portal/softwares/yii/framework/base/CApplication.php(169): CWebApplication->processRequest()
#16 /viam/codebase/portal/htdocs/index.php(14): CApplication->run()
#17 {main}
REQUEST_URI=/index.php
---
2013/06/02 07:30:14 [error] [exception.CHttpException.404] exception 'CHttpException' with message 'Unable to resolve the request "user.LoginController".' in /viam/codebase/portal/softwares/yii/framework/web/CWebApplication.php:286
Stack trace:
#0 /viam/codebase/portal/softwares/yii/framework/web/CWebApplication.php(141): CWebApplication->runController('')
#1 /viam/codebase/portal/softwares/yii/framework/base/CApplication.php(169): CWebApplication->processRequest()
#2 /viam/codebase/portal/htdocs/index.php(14): CApplication->run()
#3 {main}
REQUEST_URI=/index.php
---
2013/06/02 07:45:15 [error] [php] include(TbActiveForm.php): failed to open stream: No such file or directory (/viam/codebase/portal/softwares/yii/framework/YiiBase.php:421)
Stack trace:
#0 /viam/codebase/portal/htdocs/protected/modules/user/views/user/login.php(12): spl_autoload_call()
#1 /viam/codebase/portal/softwares/yii/framework/web/CBaseController.php(126): require()
#2 /viam/codebase/portal/softwares/yii/framework/web/CBaseController.php(95): LoginController->renderInternal()
#3 /viam/codebase/portal/softwares/yii/framework/web/CController.php(869): LoginController->renderFile()
#4 /viam/codebase/portal/softwares/yii/framework/web/CController.php(782): LoginController->renderPartial()
#5 /viam/codebase/portal/htdocs/protected/modules/user/controllers/LoginController.php(57): LoginController->render()
#6 /viam/codebase/portal/softwares/yii/framework/web/actions/CInlineAction.php(49): LoginController->actionLogin()
#7 /viam/codebase/portal/softwares/yii/framework/web/CController.php(308): CInlineAction->runWithParams()
#8 /viam/codebase/portal/softwares/yii/framework/web/CController.php(286): LoginController->runAction()
#9 /viam/codebase/portal/softwares/yii/framework/web/CController.php(265): LoginController->runActionWithFilters()
#10 /viam/codebase/portal/softwares/yii/framework/web/CWebApplication.php(282): LoginController->run()
#11 /viam/codebase/portal/softwares/yii/framework/web/CWebApplication.php(141): CWebApplication->runController()
#12 /viam/codebase/portal/softwares/yii/framework/base/CApplication.php(169): CWebApplication->processRequest()
#13 /viam/codebase/portal/htdocs/index.php(14): CWebApplication->run()
REQUEST_URI=/index.php?r=user/login
in /viam/codebase/portal/htdocs/protected/modules/user/views/user/login.php (12)
in /viam/codebase/portal/htdocs/protected/modules/user/controllers/LoginController.php (57)
in /viam/codebase/portal/htdocs/index.php (14)
2013/06/02 08:29:57 [error] [exception.CException] exception 'CException' with message 'Property "RegistrationForm.verify password" is not defined.' in /viam/codebase/portal/softwares/yii/framework/base/CComponent.php:130
Stack trace:
#0 /viam/codebase/portal/softwares/yii/framework/db/ar/CActiveRecord.php(143): CComponent->__get('verify password')
#1 /viam/codebase/portal/softwares/yii/framework/web/helpers/CHtml.php(2255): CActiveRecord->__get('verify password')
#2 /viam/codebase/portal/softwares/yii/framework/web/helpers/CHtml.php(1980): CHtml::resolveValue(Object(RegistrationForm), 'verify password')
#3 /viam/codebase/portal/softwares/yii/framework/web/helpers/CHtml.php(1391): CHtml::activeInputField('password', Object(RegistrationForm), 'verify password', Array)
#4 /viam/codebase/portal/softwares/yii/framework/web/widgets/CActiveForm.php(687): CHtml::activePasswordField(Object(RegistrationForm), 'verify password', Array)
#5 /viam/codebase/portal/htdocs/protected/extensions/bootstrap/widgets/input/TbInputHorizontal.php(115): CActiveForm->passwordField(Object(RegistrationForm), 'verify password', Array)
#6 /viam/codebase/portal/htdocs/protected/extensions/bootstrap/widgets/input/TbInput.php(209): TbInputHorizontal->passwordField()
#7 /viam/codebase/portal/htdocs/protected/extensions/bootstrap/widgets/input/TbInputHorizontal.php(24): TbInput->run()
#8 /viam/codebase/portal/softwares/yii/framework/web/CBaseController.php(173): TbInputHorizontal->run()
#9 /viam/codebase/portal/htdocs/protected/extensions/bootstrap/widgets/TbActiveForm.php(497): CBaseController->widget('bootstrap.widge...', Array)
#10 /viam/codebase/portal/htdocs/protected/extensions/bootstrap/widgets/TbActiveForm.php(136): TbActiveForm->inputRow('password', Object(RegistrationForm), 'verify password', NULL, Array)
#11 /viam/codebase/portal/htdocs/protected/modules/user/views/user/registration.php(24): TbActiveForm->passwordFieldRow(Object(RegistrationForm), 'verify password')
#12 /viam/codebase/portal/softwares/yii/framework/web/CBaseController.php(126): require('/viam/codebase/...')
#13 /viam/codebase/portal/softwares/yii/framework/web/CBaseController.php(95): CBaseController->renderInternal('/viam/codebase/...', Array, true)
#14 /viam/codebase/portal/softwares/yii/framework/web/CController.php(869): CBaseController->renderFile('/viam/codebase/...', Array, true)
#15 /viam/codebase/portal/softwares/yii/framework/web/CController.php(782): CController->renderPartial('/user/registrat...', Array, true)
#16 /viam/codebase/portal/htdocs/protected/modules/user/controllers/RegistrationController.php(80): CController->render('/user/registrat...', Array)
#17 /viam/codebase/portal/softwares/yii/framework/web/actions/CInlineAction.php(49): RegistrationController->actionRegistration()
#18 /viam/codebase/portal/softwares/yii/framework/web/CController.php(308): CInlineAction->runWithParams(Array)
#19 /viam/codebase/portal/softwares/yii/framework/web/CController.php(286): CController->runAction(Object(CInlineAction))
#20 /viam/codebase/portal/softwares/yii/framework/web/CController.php(265): CController->runActionWithFilters(Object(CInlineAction), Array)
#21 /viam/codebase/portal/softwares/yii/framework/web/CWebApplication.php(282): CController->run('')
#22 /viam/codebase/portal/softwares/yii/framework/web/CWebApplication.php(141): CWebApplication->runController('user/registrati...')
#23 /viam/codebase/portal/softwares/yii/framework/base/CApplication.php(169): CWebApplication->processRequest()
#24 /viam/codebase/portal/htdocs/index.php(14): CApplication->run()
#25 {main}
REQUEST_URI=/index.php?r=user/registration
HTTP_REFERER=http://dev.viam.com/index.php?r=user/login
---
2013/06/02 10:08:03 [error] [exception.CException] exception 'CException' with message 'Property "WebUser.thumbnail" is not defined.' in /viam/codebase/portal/softwares/yii/framework/base/CComponent.php:130
Stack trace:
#0 /viam/codebase/portal/softwares/yii/framework/web/auth/CWebUser.php(140): CComponent->__get('thumbnail')
#1 /viam/codebase/portal/htdocs/themes/viam/views/layouts/main.php(28): CWebUser->__get('thumbnail')
#2 /viam/codebase/portal/softwares/yii/framework/web/CBaseController.php(126): require('/viam/codebase/...')
#3 /viam/codebase/portal/softwares/yii/framework/web/CBaseController.php(95): CBaseController->renderInternal('/viam/codebase/...', Array, true)
#4 /viam/codebase/portal/softwares/yii/framework/web/widgets/CContentDecorator.php(76): CBaseController->renderFile('/viam/codebase/...', Array, true)
#5 /viam/codebase/portal/softwares/yii/framework/web/widgets/CContentDecorator.php(54): CContentDecorator->decorate('<div id="conten...')
#6 /viam/codebase/portal/softwares/yii/framework/web/widgets/COutputProcessor.php(44): CContentDecorator->processOutput('<div id="conten...')
#7 /viam/codebase/portal/softwares/yii/framework/web/CBaseController.php(206): COutputProcessor->run()
#8 /viam/codebase/portal/softwares/yii/framework/web/CBaseController.php(300): CBaseController->endWidget('CContentDecorat...')
#9 /viam/codebase/portal/htdocs/protected/views/layouts/column1.php(6): CBaseController->endContent()
#10 /viam/codebase/portal/softwares/yii/framework/web/CBaseController.php(126): require('/viam/codebase/...')
#11 /viam/codebase/portal/softwares/yii/framework/web/CBaseController.php(95): CBaseController->renderInternal('/viam/codebase/...', Array, true)
#12 /viam/codebase/portal/softwares/yii/framework/web/CController.php(784): CBaseController->renderFile('/viam/codebase/...', Array, true)
#13 /viam/codebase/portal/htdocs/protected/controllers/SiteController.php(32): CController->render('index')
#14 /viam/codebase/portal/softwares/yii/framework/web/actions/CInlineAction.php(49): SiteController->actionIndex()
#15 /viam/codebase/portal/softwares/yii/framework/web/CController.php(308): CInlineAction->runWithParams(Array)
#16 /viam/codebase/portal/softwares/yii/framework/web/CController.php(286): CController->runAction(Object(CInlineAction))
#17 /viam/codebase/portal/softwares/yii/framework/web/CController.php(265): CController->runActionWithFilters(Object(CInlineAction), Array)
#18 /viam/codebase/portal/softwares/yii/framework/web/CWebApplication.php(282): CController->run('')
#19 /viam/codebase/portal/softwares/yii/framework/web/CWebApplication.php(141): CWebApplication->runController('')
#20 /viam/codebase/portal/softwares/yii/framework/base/CApplication.php(169): CWebApplication->processRequest()
#21 /viam/codebase/portal/htdocs/index.php(14): CApplication->run()
#22 {main}
REQUEST_URI=/index.php
---
2013/06/02 18:15:10 [error] [exception.CHttpException.404] exception 'CHttpException' with message 'Unable to resolve the request "siter/login".' in /viam/codebase/portal/softwares/yii/framework/web/CWebApplication.php:286
Stack trace:
#0 /viam/codebase/portal/softwares/yii/framework/web/CWebApplication.php(141): CWebApplication->runController('siter/login')
#1 /viam/codebase/portal/softwares/yii/framework/base/CApplication.php(169): CWebApplication->processRequest()
#2 /viam/codebase/portal/htdocs/index.php(14): CApplication->run()
#3 {main}
REQUEST_URI=/index.php?r=siter/login
---
2013/06/02 18:15:16 [error] [php] include(EBootstrapActiveForm.php): failed to open stream: No such file or directory (/viam/codebase/portal/softwares/yii/framework/YiiBase.php:421)
Stack trace:
#0 /viam/codebase/portal/softwares/yii/framework/web/CWidgetFactory.php(146): import()
#1 /viam/codebase/portal/softwares/yii/framework/web/CBaseController.php(146): CWidgetFactory->createWidget()
#2 /viam/codebase/portal/softwares/yii/framework/web/CBaseController.php(189): SiteController->createWidget()
#3 /viam/codebase/portal/htdocs/themes/viam/views/site/login.php(3): SiteController->beginWidget()
#4 /viam/codebase/portal/softwares/yii/framework/web/CBaseController.php(126): require()
#5 /viam/codebase/portal/softwares/yii/framework/web/CBaseController.php(95): SiteController->renderInternal()
#6 /viam/codebase/portal/softwares/yii/framework/web/CController.php(869): SiteController->renderFile()
#7 /viam/codebase/portal/softwares/yii/framework/web/CController.php(782): SiteController->renderPartial()
#8 /viam/codebase/portal/htdocs/protected/controllers/SiteController.php(98): SiteController->render()
#9 /viam/codebase/portal/softwares/yii/framework/web/actions/CInlineAction.php(49): SiteController->actionLogin()
#10 /viam/codebase/portal/softwares/yii/framework/web/CController.php(308): CInlineAction->runWithParams()
#11 /viam/codebase/portal/softwares/yii/framework/web/CController.php(286): SiteController->runAction()
#12 /viam/codebase/portal/softwares/yii/framework/web/CController.php(265): SiteController->runActionWithFilters()
#13 /viam/codebase/portal/softwares/yii/framework/web/CWebApplication.php(282): SiteController->run()
#14 /viam/codebase/portal/softwares/yii/framework/web/CWebApplication.php(141): CWebApplication->runController()
#15 /viam/codebase/portal/softwares/yii/framework/base/CApplication.php(169): CWebApplication->processRequest()
#16 /viam/codebase/portal/htdocs/index.php(14): CWebApplication->run()
REQUEST_URI=/index.php?r=site/login
in /viam/codebase/portal/htdocs/themes/viam/views/site/login.php (3)
in /viam/codebase/portal/htdocs/protected/controllers/SiteController.php (98)
in /viam/codebase/portal/htdocs/index.php (14)
2013/06/02 18:49:13 [error] [exception.CException] exception 'CException' with message 'Property "UserLogin." is not defined.' in /viam/codebase/portal/softwares/yii/framework/base/CComponent.php:130
Stack trace:
#0 /viam/codebase/portal/softwares/yii/framework/web/helpers/CHtml.php(2255): CComponent->__get('')
#1 /viam/codebase/portal/softwares/yii/framework/web/helpers/CHtml.php(1980): CHtml::resolveValue(Object(UserLogin), '')
#2 /viam/codebase/portal/softwares/yii/framework/web/helpers/CHtml.php(1257): CHtml::activeInputField('text', Object(UserLogin), '', Array)
#3 /viam/codebase/portal/softwares/yii/framework/web/widgets/CActiveForm.php(657): CHtml::activeTextField(Object(UserLogin), '', Array)
#4 /viam/codebase/portal/htdocs/protected/extensions/bootstrap/widgets/input/TbInputVertical.php(142): CActiveForm->textField(Object(UserLogin), '', Array)
#5 /viam/codebase/portal/htdocs/protected/extensions/bootstrap/widgets/input/TbInput.php(230): TbInputVertical->textField()
#6 /viam/codebase/portal/softwares/yii/framework/web/CBaseController.php(173): TbInput->run()
#7 /viam/codebase/portal/htdocs/protected/extensions/bootstrap/widgets/TbActiveForm.php(497): CBaseController->widget('bootstrap.widge...', Array)
#8 /viam/codebase/portal/htdocs/protected/extensions/bootstrap/widgets/TbActiveForm.php(186): TbActiveForm->inputRow('text', Object(UserLogin), '', NULL, Array)
#9 /viam/codebase/portal/htdocs/protected/modules/user/views/user/login.php(22): TbActiveForm->textFieldRow(Object(UserLogin), '', Array)
#10 /viam/codebase/portal/softwares/yii/framework/web/CBaseController.php(126): require('/viam/codebase/...')
#11 /viam/codebase/portal/softwares/yii/framework/web/CBaseController.php(95): CBaseController->renderInternal('/viam/codebase/...', Array, true)
#12 /viam/codebase/portal/softwares/yii/framework/web/CController.php(869): CBaseController->renderFile('/viam/codebase/...', Array, true)
#13 /viam/codebase/portal/softwares/yii/framework/web/CController.php(782): CController->renderPartial('/user/login', Array, true)
#14 /viam/codebase/portal/htdocs/protected/modules/user/controllers/LoginController.php(57): CController->render('/user/login', Array)
#15 /viam/codebase/portal/softwares/yii/framework/web/actions/CInlineAction.php(49): LoginController->actionLogin()
#16 /viam/codebase/portal/softwares/yii/framework/web/CController.php(308): CInlineAction->runWithParams(Array)
#17 /viam/codebase/portal/softwares/yii/framework/web/CController.php(286): CController->runAction(Object(CInlineAction))
#18 /viam/codebase/portal/softwares/yii/framework/web/CController.php(265): CController->runActionWithFilters(Object(CInlineAction), Array)
#19 /viam/codebase/portal/softwares/yii/framework/web/CWebApplication.php(282): CController->run('')
#20 /viam/codebase/portal/softwares/yii/framework/web/CWebApplication.php(141): CWebApplication->runController('user/login')
#21 /viam/codebase/portal/softwares/yii/framework/base/CApplication.php(169): CWebApplication->processRequest()
#22 /viam/codebase/portal/htdocs/index.php(14): CApplication->run()
#23 {main}
REQUEST_URI=/index.php?r=user/login
---
2013/06/02 18:51:17 [error] [exception.CException] exception 'CException' with message 'Property "UserLogin." is not defined.' in /viam/codebase/portal/softwares/yii/framework/base/CComponent.php:130
Stack trace:
#0 /viam/codebase/portal/softwares/yii/framework/web/helpers/CHtml.php(2255): CComponent->__get('')
#1 /viam/codebase/portal/softwares/yii/framework/web/helpers/CHtml.php(1980): CHtml::resolveValue(Object(UserLogin), '')
#2 /viam/codebase/portal/softwares/yii/framework/web/helpers/CHtml.php(1257): CHtml::activeInputField('text', Object(UserLogin), '', Array)
#3 /viam/codebase/portal/softwares/yii/framework/web/widgets/CActiveForm.php(657): CHtml::activeTextField(Object(UserLogin), '', Array)
#4 /viam/codebase/portal/htdocs/protected/extensions/bootstrap/widgets/input/TbInputVertical.php(142): CActiveForm->textField(Object(UserLogin), '', Array)
#5 /viam/codebase/portal/htdocs/protected/extensions/bootstrap/widgets/input/TbInput.php(230): TbInputVertical->textField()
#6 /viam/codebase/portal/softwares/yii/framework/web/CBaseController.php(173): TbInput->run()
#7 /viam/codebase/portal/htdocs/protected/extensions/bootstrap/widgets/TbActiveForm.php(497): CBaseController->widget('bootstrap.widge...', Array)
#8 /viam/codebase/portal/htdocs/protected/extensions/bootstrap/widgets/TbActiveForm.php(186): TbActiveForm->inputRow('text', Object(UserLogin), '', NULL, Array)
#9 /viam/codebase/portal/htdocs/protected/modules/user/views/user/login.php(24): TbActiveForm->textFieldRow(Object(UserLogin), '', Array)
#10 /viam/codebase/portal/softwares/yii/framework/web/CBaseController.php(126): require('/viam/codebase/...')
#11 /viam/codebase/portal/softwares/yii/framework/web/CBaseController.php(95): CBaseController->renderInternal('/viam/codebase/...', Array, true)
#12 /viam/codebase/portal/softwares/yii/framework/web/CController.php(869): CBaseController->renderFile('/viam/codebase/...', Array, true)
#13 /viam/codebase/portal/softwares/yii/framework/web/CController.php(782): CController->renderPartial('/user/login', Array, true)
#14 /viam/codebase/portal/htdocs/protected/modules/user/controllers/LoginController.php(57): CController->render('/user/login', Array)
#15 /viam/codebase/portal/softwares/yii/framework/web/actions/CInlineAction.php(49): LoginController->actionLogin()
#16 /viam/codebase/portal/softwares/yii/framework/web/CController.php(308): CInlineAction->runWithParams(Array)
#17 /viam/codebase/portal/softwares/yii/framework/web/CController.php(286): CController->runAction(Object(CInlineAction))
#18 /viam/codebase/portal/softwares/yii/framework/web/CController.php(265): CController->runActionWithFilters(Object(CInlineAction), Array)
#19 /viam/codebase/portal/softwares/yii/framework/web/CWebApplication.php(282): CController->run('')
#20 /viam/codebase/portal/softwares/yii/framework/web/CWebApplication.php(141): CWebApplication->runController('user/login')
#21 /viam/codebase/portal/softwares/yii/framework/base/CApplication.php(169): CWebApplication->processRequest()
#22 /viam/codebase/portal/htdocs/index.php(14): CApplication->run()
#23 {main}
REQUEST_URI=/index.php?r=user/login
---
2013/06/02 19:00:50 [error] [exception.CException] exception 'CException' with message 'Property "UserLogin." is not defined.' in /viam/codebase/portal/softwares/yii/framework/base/CComponent.php:130
Stack trace:
#0 /viam/codebase/portal/softwares/yii/framework/web/helpers/CHtml.php(2255): CComponent->__get('')
#1 /viam/codebase/portal/softwares/yii/framework/web/helpers/CHtml.php(1980): CHtml::resolveValue(Object(UserLogin), '')
#2 /viam/codebase/portal/softwares/yii/framework/web/helpers/CHtml.php(1257): CHtml::activeInputField('text', Object(UserLogin), '', Array)
#3 /viam/codebase/portal/softwares/yii/framework/web/widgets/CActiveForm.php(657): CHtml::activeTextField(Object(UserLogin), '', Array)
#4 /viam/codebase/portal/htdocs/protected/extensions/bootstrap/widgets/input/TbInputVertical.php(142): CActiveForm->textField(Object(UserLogin), '', Array)
#5 /viam/codebase/portal/htdocs/protected/extensions/bootstrap/widgets/input/TbInput.php(230): TbInputVertical->textField()
#6 /viam/codebase/portal/softwares/yii/framework/web/CBaseController.php(173): TbInput->run()
#7 /viam/codebase/portal/htdocs/protected/extensions/bootstrap/widgets/TbActiveForm.php(497): CBaseController->widget('bootstrap.widge...', Array)
#8 /viam/codebase/portal/htdocs/protected/extensions/bootstrap/widgets/TbActiveForm.php(186): TbActiveForm->inputRow('text', Object(UserLogin), '', NULL, Array)
#9 /viam/codebase/portal/htdocs/protected/modules/user/views/user/login.php(24): TbActiveForm->textFieldRow(Object(UserLogin), '', Array)
#10 /viam/codebase/portal/softwares/yii/framework/web/CBaseController.php(126): require('/viam/codebase/...')
#11 /viam/codebase/portal/softwares/yii/framework/web/CBaseController.php(95): CBaseController->renderInternal('/viam/codebase/...', Array, true)
#12 /viam/codebase/portal/softwares/yii/framework/web/CController.php(869): CBaseController->renderFile('/viam/codebase/...', Array, true)
#13 /viam/codebase/portal/softwares/yii/framework/web/CController.php(782): CController->renderPartial('/user/login', Array, true)
#14 /viam/codebase/portal/htdocs/protected/modules/user/controllers/LoginController.php(57): CController->render('/user/login', Array)
#15 /viam/codebase/portal/softwares/yii/framework/web/actions/CInlineAction.php(49): LoginController->actionLogin()
#16 /viam/codebase/portal/softwares/yii/framework/web/CController.php(308): CInlineAction->runWithParams(Array)
#17 /viam/codebase/portal/softwares/yii/framework/web/CController.php(286): CController->runAction(Object(CInlineAction))
#18 /viam/codebase/portal/softwares/yii/framework/web/CController.php(265): CController->runActionWithFilters(Object(CInlineAction), Array)
#19 /viam/codebase/portal/softwares/yii/framework/web/CWebApplication.php(282): CController->run('')
#20 /viam/codebase/portal/softwares/yii/framework/web/CWebApplication.php(141): CWebApplication->runController('user/login')
#21 /viam/codebase/portal/softwares/yii/framework/base/CApplication.php(169): CWebApplication->processRequest()
#22 /viam/codebase/portal/htdocs/index.php(14): CApplication->run()
#23 {main}
REQUEST_URI=/index.php?r=user/login
---
2013/06/02 19:06:23 [error] [exception.CException] exception 'CException' with message 'Property "UserLogin." is not defined.' in /viam/codebase/portal/softwares/yii/framework/base/CComponent.php:130
Stack trace:
#0 /viam/codebase/portal/softwares/yii/framework/web/helpers/CHtml.php(2255): CComponent->__get('')
#1 /viam/codebase/portal/softwares/yii/framework/web/helpers/CHtml.php(1980): CHtml::resolveValue(Object(UserLogin), '')
#2 /viam/codebase/portal/softwares/yii/framework/web/helpers/CHtml.php(1257): CHtml::activeInputField('text', Object(UserLogin), '', Array)
#3 /viam/codebase/portal/softwares/yii/framework/web/widgets/CActiveForm.php(657): CHtml::activeTextField(Object(UserLogin), '', Array)
#4 /viam/codebase/portal/htdocs/protected/extensions/bootstrap/widgets/input/TbInputVertical.php(142): CActiveForm->textField(Object(UserLogin), '', Array)
#5 /viam/codebase/portal/htdocs/protected/extensions/bootstrap/widgets/input/TbInput.php(230): TbInputVertical->textField()
#6 /viam/codebase/portal/softwares/yii/framework/web/CBaseController.php(173): TbInput->run()
#7 /viam/codebase/portal/htdocs/protected/extensions/bootstrap/widgets/TbActiveForm.php(497): CBaseController->widget('bootstrap.widge...', Array)
#8 /viam/codebase/portal/htdocs/protected/extensions/bootstrap/widgets/TbActiveForm.php(186): TbActiveForm->inputRow('text', Object(UserLogin), '', NULL, Array)
#9 /viam/codebase/portal/htdocs/protected/modules/user/views/user/login.php(24): TbActiveForm->textFieldRow(Object(UserLogin), '', Array)
#10 /viam/codebase/portal/softwares/yii/framework/web/CBaseController.php(126): require('/viam/codebase/...')
#11 /viam/codebase/portal/softwares/yii/framework/web/CBaseController.php(95): CBaseController->renderInternal('/viam/codebase/...', Array, true)
#12 /viam/codebase/portal/softwares/yii/framework/web/CController.php(869): CBaseController->renderFile('/viam/codebase/...', Array, true)
#13 /viam/codebase/portal/softwares/yii/framework/web/CController.php(782): CController->renderPartial('/user/login', Array, true)
#14 /viam/codebase/portal/htdocs/protected/modules/user/controllers/LoginController.php(57): CController->render('/user/login', Array)
#15 /viam/codebase/portal/softwares/yii/framework/web/actions/CInlineAction.php(49): LoginController->actionLogin()
#16 /viam/codebase/portal/softwares/yii/framework/web/CController.php(308): CInlineAction->runWithParams(Array)
#17 /viam/codebase/portal/softwares/yii/framework/web/CController.php(286): CController->runAction(Object(CInlineAction))
#18 /viam/codebase/portal/softwares/yii/framework/web/CController.php(265): CController->runActionWithFilters(Object(CInlineAction), Array)
#19 /viam/codebase/portal/softwares/yii/framework/web/CWebApplication.php(282): CController->run('')
#20 /viam/codebase/portal/softwares/yii/framework/web/CWebApplication.php(141): CWebApplication->runController('user/login')
#21 /viam/codebase/portal/softwares/yii/framework/base/CApplication.php(169): CWebApplication->processRequest()
#22 /viam/codebase/portal/htdocs/index.php(14): CApplication->run()
#23 {main}
REQUEST_URI=/index.php?r=user/login
---
2013/06/02 19:23:04 [error] [exception.Exception] exception 'Exception' with message 'I am here' in /viam/codebase/portal/softwares/yii/framework/web/helpers/CHtml.php:1168
Stack trace:
#0 /viam/codebase/portal/softwares/yii/framework/web/helpers/CHtml.php(593): CHtml::inputField('hidden', 'UserLogin[remem...', '0', Array)
#1 /viam/codebase/portal/softwares/yii/framework/web/helpers/CHtml.php(1520): CHtml::hiddenField('UserLogin[remem...', '0', Array)
#2 /viam/codebase/portal/softwares/yii/framework/web/widgets/CActiveForm.php(747): CHtml::activeCheckBox(Object(UserLogin), 'rememberMe', Array)
#3 /viam/codebase/portal/htdocs/protected/extensions/bootstrap/widgets/input/TbInputVertical.php(26): CActiveForm->checkBox(Object(UserLogin), 'rememberMe', Array)
#4 /viam/codebase/portal/htdocs/protected/extensions/bootstrap/widgets/input/TbInput.php(189): TbInputVertical->checkBox()
#5 /viam/codebase/portal/softwares/yii/framework/web/CBaseController.php(173): TbInput->run()
#6 /viam/codebase/portal/htdocs/protected/extensions/bootstrap/widgets/TbActiveForm.php(497): CBaseController->widget('bootstrap.widge...', Array)
#7 /viam/codebase/portal/htdocs/protected/extensions/bootstrap/widgets/TbActiveForm.php(73): TbActiveForm->inputRow('checkbox', Object(UserLogin), 'rememberMe', NULL, Array)
#8 /viam/codebase/portal/htdocs/protected/modules/user/views/user/login.php(31): TbActiveForm->checkBoxRow(Object(UserLogin), 'rememberMe')
#9 /viam/codebase/portal/softwares/yii/framework/web/CBaseController.php(126): require('/viam/codebase/...')
#10 /viam/codebase/portal/softwares/yii/framework/web/CBaseController.php(95): CBaseController->renderInternal('/viam/codebase/...', Array, true)
#11 /viam/codebase/portal/softwares/yii/framework/web/CController.php(869): CBaseController->renderFile('/viam/codebase/...', Array, true)
#12 /viam/codebase/portal/softwares/yii/framework/web/CController.php(782): CController->renderPartial('/user/login', Array, true)
#13 /viam/codebase/portal/htdocs/protected/modules/user/controllers/LoginController.php(57): CController->render('/user/login', Array)
#14 /viam/codebase/portal/softwares/yii/framework/web/actions/CInlineAction.php(49): LoginController->actionLogin()
#15 /viam/codebase/portal/softwares/yii/framework/web/CController.php(308): CInlineAction->runWithParams(Array)
#16 /viam/codebase/portal/softwares/yii/framework/web/CController.php(286): CController->runAction(Object(CInlineAction))
#17 /viam/codebase/portal/softwares/yii/framework/web/CController.php(265): CController->runActionWithFilters(Object(CInlineAction), Array)
#18 /viam/codebase/portal/softwares/yii/framework/web/CWebApplication.php(282): CController->run('')
#19 /viam/codebase/portal/softwares/yii/framework/web/CWebApplication.php(141): CWebApplication->runController('user/login')
#20 /viam/codebase/portal/softwares/yii/framework/base/CApplication.php(169): CWebApplication->processRequest()
#21 /viam/codebase/portal/htdocs/index.php(14): CApplication->run()
#22 {main}
REQUEST_URI=/index.php?r=user/login
---
2013/06/02 20:43:06 [error] [php] Undefined variable: model (/viam/codebase/portal/htdocs/protected/modules/user/views/recovery/recovery.php:27)
Stack trace:
#0 /viam/codebase/portal/softwares/yii/framework/web/CController.php(869): RecoveryController->renderFile()
#1 /viam/codebase/portal/softwares/yii/framework/web/CController.php(782): RecoveryController->renderPartial()
#2 /viam/codebase/portal/htdocs/protected/modules/user/controllers/RecoveryController.php(62): RecoveryController->render()
#3 /viam/codebase/portal/softwares/yii/framework/web/actions/CInlineAction.php(49): RecoveryController->actionRecovery()
#4 /viam/codebase/portal/softwares/yii/framework/web/CController.php(308): CInlineAction->runWithParams()
#5 /viam/codebase/portal/softwares/yii/framework/web/CController.php(286): RecoveryController->runAction()
#6 /viam/codebase/portal/softwares/yii/framework/web/CController.php(265): RecoveryController->runActionWithFilters()
#7 /viam/codebase/portal/softwares/yii/framework/web/CWebApplication.php(282): RecoveryController->run()
#8 /viam/codebase/portal/softwares/yii/framework/web/CWebApplication.php(141): CWebApplication->runController()
#9 /viam/codebase/portal/softwares/yii/framework/base/CApplication.php(169): CWebApplication->processRequest()
#10 /viam/codebase/portal/htdocs/index.php(14): CWebApplication->run()
REQUEST_URI=/index.php?r=user/recovery
in /viam/codebase/portal/htdocs/protected/modules/user/views/recovery/recovery.php (27)
in /viam/codebase/portal/htdocs/protected/modules/user/controllers/RecoveryController.php (62)
in /viam/codebase/portal/htdocs/index.php (14)
2013/06/03 12:36:48 [error] [php] Undefined variable: model (/viam/codebase/portal/htdocs/protected/modules/user/views/recovery/recovery.php:25)
Stack trace:
#0 /viam/codebase/portal/softwares/yii/framework/web/CController.php(869): RecoveryController->renderFile()
#1 /viam/codebase/portal/softwares/yii/framework/web/CController.php(782): RecoveryController->renderPartial()
#2 /viam/codebase/portal/htdocs/protected/modules/user/controllers/RecoveryController.php(62): RecoveryController->render()
#3 /viam/codebase/portal/softwares/yii/framework/web/actions/CInlineAction.php(49): RecoveryController->actionRecovery()
#4 /viam/codebase/portal/softwares/yii/framework/web/CController.php(308): CInlineAction->runWithParams()
#5 /viam/codebase/portal/softwares/yii/framework/web/CController.php(286): RecoveryController->runAction()
#6 /viam/codebase/portal/softwares/yii/framework/web/CController.php(265): RecoveryController->runActionWithFilters()
#7 /viam/codebase/portal/softwares/yii/framework/web/CWebApplication.php(282): RecoveryController->run()
#8 /viam/codebase/portal/softwares/yii/framework/web/CWebApplication.php(141): CWebApplication->runController()
#9 /viam/codebase/portal/softwares/yii/framework/base/CApplication.php(169): CWebApplication->processRequest()
#10 /viam/codebase/portal/htdocs/index.php(14): CWebApplication->run()
REQUEST_URI=/index.php?r=user/recovery
in /viam/codebase/portal/htdocs/protected/modules/user/views/recovery/recovery.php (25)
in /viam/codebase/portal/htdocs/protected/modules/user/controllers/RecoveryController.php (62)
in /viam/codebase/portal/htdocs/index.php (14)
2013/06/03 12:37:20 [error] [php] Undefined variable: model (/viam/codebase/portal/htdocs/protected/modules/user/views/recovery/recovery.php:25)
Stack trace:
#0 /viam/codebase/portal/softwares/yii/framework/web/CController.php(869): RecoveryController->renderFile()
#1 /viam/codebase/portal/softwares/yii/framework/web/CController.php(782): RecoveryController->renderPartial()
#2 /viam/codebase/portal/htdocs/protected/modules/user/controllers/RecoveryController.php(62): RecoveryController->render()
#3 /viam/codebase/portal/softwares/yii/framework/web/actions/CInlineAction.php(49): RecoveryController->actionRecovery()
#4 /viam/codebase/portal/softwares/yii/framework/web/CController.php(308): CInlineAction->runWithParams()
#5 /viam/codebase/portal/softwares/yii/framework/web/CController.php(286): RecoveryController->runAction()
#6 /viam/codebase/portal/softwares/yii/framework/web/CController.php(265): RecoveryController->runActionWithFilters()
#7 /viam/codebase/portal/softwares/yii/framework/web/CWebApplication.php(282): RecoveryController->run()
#8 /viam/codebase/portal/softwares/yii/framework/web/CWebApplication.php(141): CWebApplication->runController()
#9 /viam/codebase/portal/softwares/yii/framework/base/CApplication.php(169): CWebApplication->processRequest()
#10 /viam/codebase/portal/htdocs/index.php(14): CWebApplication->run()
REQUEST_URI=/index.php?r=user/recovery
in /viam/codebase/portal/htdocs/protected/modules/user/views/recovery/recovery.php (25)
in /viam/codebase/portal/htdocs/protected/modules/user/controllers/RecoveryController.php (62)
in /viam/codebase/portal/htdocs/index.php (14)
2013/06/03 12:37:23 [error] [php] Undefined variable: model (/viam/codebase/portal/htdocs/protected/modules/user/views/recovery/recovery.php:25)
Stack trace:
#0 /viam/codebase/portal/softwares/yii/framework/web/CController.php(869): RecoveryController->renderFile()
#1 /viam/codebase/portal/softwares/yii/framework/web/CController.php(782): RecoveryController->renderPartial()
#2 /viam/codebase/portal/htdocs/protected/modules/user/controllers/RecoveryController.php(62): RecoveryController->render()
#3 /viam/codebase/portal/softwares/yii/framework/web/actions/CInlineAction.php(49): RecoveryController->actionRecovery()
#4 /viam/codebase/portal/softwares/yii/framework/web/CController.php(308): CInlineAction->runWithParams()
#5 /viam/codebase/portal/softwares/yii/framework/web/CController.php(286): RecoveryController->runAction()
#6 /viam/codebase/portal/softwares/yii/framework/web/CController.php(265): RecoveryController->runActionWithFilters()
#7 /viam/codebase/portal/softwares/yii/framework/web/CWebApplication.php(282): RecoveryController->run()
#8 /viam/codebase/portal/softwares/yii/framework/web/CWebApplication.php(141): CWebApplication->runController()
#9 /viam/codebase/portal/softwares/yii/framework/base/CApplication.php(169): CWebApplication->processRequest()
#10 /viam/codebase/portal/htdocs/index.php(14): CWebApplication->run()
REQUEST_URI=/index.php?r=user/recovery
in /viam/codebase/portal/htdocs/protected/modules/user/views/recovery/recovery.php (25)
in /viam/codebase/portal/htdocs/protected/modules/user/controllers/RecoveryController.php (62)
in /viam/codebase/portal/htdocs/index.php (14)
2013/06/03 12:42:38 [error] [php] Undefined variable: model (/viam/codebase/portal/htdocs/protected/modules/user/views/recovery/recovery.php:25)
Stack trace:
#0 /viam/codebase/portal/softwares/yii/framework/web/CController.php(869): RecoveryController->renderFile()
#1 /viam/codebase/portal/softwares/yii/framework/web/CController.php(782): RecoveryController->renderPartial()
#2 /viam/codebase/portal/htdocs/protected/modules/user/controllers/RecoveryController.php(64): RecoveryController->render()
#3 /viam/codebase/portal/softwares/yii/framework/web/actions/CInlineAction.php(49): RecoveryController->actionRecovery()
#4 /viam/codebase/portal/softwares/yii/framework/web/CController.php(308): CInlineAction->runWithParams()
#5 /viam/codebase/portal/softwares/yii/framework/web/CController.php(286): RecoveryController->runAction()
#6 /viam/codebase/portal/softwares/yii/framework/web/CController.php(265): RecoveryController->runActionWithFilters()
#7 /viam/codebase/portal/softwares/yii/framework/web/CWebApplication.php(282): RecoveryController->run()
#8 /viam/codebase/portal/softwares/yii/framework/web/CWebApplication.php(141): CWebApplication->runController()
#9 /viam/codebase/portal/softwares/yii/framework/base/CApplication.php(169): CWebApplication->processRequest()
#10 /viam/codebase/portal/htdocs/index.php(14): CWebApplication->run()
REQUEST_URI=/index.php?r=user/recovery
in /viam/codebase/portal/htdocs/protected/modules/user/views/recovery/recovery.php (25)
in /viam/codebase/portal/htdocs/protected/modules/user/controllers/RecoveryController.php (64)
in /viam/codebase/portal/htdocs/index.php (14)
2013/06/03 12:42:57 [error] [php] Undefined variable: model (/viam/codebase/portal/htdocs/protected/modules/user/views/recovery/recovery.php:25)
Stack trace:
#0 /viam/codebase/portal/softwares/yii/framework/web/CController.php(869): RecoveryController->renderFile()
#1 /viam/codebase/portal/softwares/yii/framework/web/CController.php(782): RecoveryController->renderPartial()
#2 /viam/codebase/portal/htdocs/protected/modules/user/controllers/RecoveryController.php(64): RecoveryController->render()
#3 /viam/codebase/portal/softwares/yii/framework/web/actions/CInlineAction.php(49): RecoveryController->actionRecovery()
#4 /viam/codebase/portal/softwares/yii/framework/web/CController.php(308): CInlineAction->runWithParams()
#5 /viam/codebase/portal/softwares/yii/framework/web/CController.php(286): RecoveryController->runAction()
#6 /viam/codebase/portal/softwares/yii/framework/web/CController.php(265): RecoveryController->runActionWithFilters()
#7 /viam/codebase/portal/softwares/yii/framework/web/CWebApplication.php(282): RecoveryController->run()
#8 /viam/codebase/portal/softwares/yii/framework/web/CWebApplication.php(141): CWebApplication->runController()
#9 /viam/codebase/portal/softwares/yii/framework/base/CApplication.php(169): CWebApplication->processRequest()
#10 /viam/codebase/portal/htdocs/index.php(14): CWebApplication->run()
REQUEST_URI=/index.php?r=user/recovery
in /viam/codebase/portal/htdocs/protected/modules/user/views/recovery/recovery.php (25)
in /viam/codebase/portal/htdocs/protected/modules/user/controllers/RecoveryController.php (64)
in /viam/codebase/portal/htdocs/index.php (14)
2013/06/03 12:44:30 [error] [exception.CException] exception 'CException' with message 'TbActiveForm and its behaviors do not have a method or closure named "getAttributeLabel".' in /viam/codebase/portal/softwares/yii/framework/base/CComponent.php:265
Stack trace:
#0 /viam/codebase/portal/htdocs/protected/extensions/bootstrap/widgets/input/TbInputInline.php(56): CComponent->__call('getAttributeLab...', Array)
#1 /viam/codebase/portal/htdocs/protected/extensions/bootstrap/widgets/input/TbInputInline.php(56): TbActiveForm->getAttributeLabel('username')
#2 /viam/codebase/portal/htdocs/protected/extensions/bootstrap/widgets/input/TbInput.php(230): TbInputInline->textField()
#3 /viam/codebase/portal/softwares/yii/framework/web/CBaseController.php(173): TbInput->run()
#4 /viam/codebase/portal/htdocs/protected/extensions/bootstrap/widgets/TbActiveForm.php(497): CBaseController->widget('bootstrap.widge...', Array)
#5 /viam/codebase/portal/htdocs/protected/extensions/bootstrap/widgets/TbActiveForm.php(186): TbActiveForm->inputRow('text', Object(TbActiveForm), 'username', NULL, Array)
#6 /viam/codebase/portal/htdocs/protected/modules/user/views/recovery/recovery.php(25): TbActiveForm->textFieldRow(Object(TbActiveForm), 'username', Array)
#7 /viam/codebase/portal/softwares/yii/framework/web/CBaseController.php(126): require('/viam/codebase/...')
#8 /viam/codebase/portal/softwares/yii/framework/web/CBaseController.php(95): CBaseController->renderInternal('/viam/codebase/...', Array, true)
#9 /viam/codebase/portal/softwares/yii/framework/web/CController.php(869): CBaseController->renderFile('/viam/codebase/...', Array, true)
#10 /viam/codebase/portal/softwares/yii/framework/web/CController.php(782): CController->renderPartial('recovery', Array, true)
#11 /viam/codebase/portal/htdocs/protected/modules/user/controllers/RecoveryController.php(64): CController->render('recovery', Array)
#12 /viam/codebase/portal/softwares/yii/framework/web/actions/CInlineAction.php(49): RecoveryController->actionRecovery()
#13 /viam/codebase/portal/softwares/yii/framework/web/CController.php(308): CInlineAction->runWithParams(Array)
#14 /viam/codebase/portal/softwares/yii/framework/web/CController.php(286): CController->runAction(Object(CInlineAction))
#15 /viam/codebase/portal/softwares/yii/framework/web/CController.php(265): CController->runActionWithFilters(Object(CInlineAction), Array)
#16 /viam/codebase/portal/softwares/yii/framework/web/CWebApplication.php(282): CController->run('')
#17 /viam/codebase/portal/softwares/yii/framework/web/CWebApplication.php(141): CWebApplication->runController('user/recovery')
#18 /viam/codebase/portal/softwares/yii/framework/base/CApplication.php(169): CWebApplication->processRequest()
#19 /viam/codebase/portal/htdocs/index.php(14): CApplication->run()
#20 {main}
REQUEST_URI=/index.php?r=user/recovery
HTTP_REFERER=http://dev.viam.com/index.php?r=user/login
---
2013/06/03 12:45:44 [error] [exception.CException] exception 'CException' with message 'TbActiveForm and its behaviors do not have a method or closure named "getAttributeLabel".' in /viam/codebase/portal/softwares/yii/framework/base/CComponent.php:265
Stack trace:
#0 /viam/codebase/portal/htdocs/protected/extensions/bootstrap/widgets/input/TbInputInline.php(56): CComponent->__call('getAttributeLab...', Array)
#1 /viam/codebase/portal/htdocs/protected/extensions/bootstrap/widgets/input/TbInputInline.php(56): TbActiveForm->getAttributeLabel('login_or_email')
#2 /viam/codebase/portal/htdocs/protected/extensions/bootstrap/widgets/input/TbInput.php(230): TbInputInline->textField()
#3 /viam/codebase/portal/softwares/yii/framework/web/CBaseController.php(173): TbInput->run()
#4 /viam/codebase/portal/htdocs/protected/extensions/bootstrap/widgets/TbActiveForm.php(497): CBaseController->widget('bootstrap.widge...', Array)
#5 /viam/codebase/portal/htdocs/protected/extensions/bootstrap/widgets/TbActiveForm.php(186): TbActiveForm->inputRow('text', Object(TbActiveForm), 'login_or_email', NULL, Array)
#6 /viam/codebase/portal/htdocs/protected/modules/user/views/recovery/recovery.php(25): TbActiveForm->textFieldRow(Object(TbActiveForm), 'login_or_email', Array)
#7 /viam/codebase/portal/softwares/yii/framework/web/CBaseController.php(126): require('/viam/codebase/...')
#8 /viam/codebase/portal/softwares/yii/framework/web/CBaseController.php(95): CBaseController->renderInternal('/viam/codebase/...', Array, true)
#9 /viam/codebase/portal/softwares/yii/framework/web/CController.php(869): CBaseController->renderFile('/viam/codebase/...', Array, true)
#10 /viam/codebase/portal/softwares/yii/framework/web/CController.php(782): CController->renderPartial('recovery', Array, true)
#11 /viam/codebase/portal/htdocs/protected/modules/user/controllers/RecoveryController.php(64): CController->render('recovery', Array)
#12 /viam/codebase/portal/softwares/yii/framework/web/actions/CInlineAction.php(49): RecoveryController->actionRecovery()
#13 /viam/codebase/portal/softwares/yii/framework/web/CController.php(308): CInlineAction->runWithParams(Array)
#14 /viam/codebase/portal/softwares/yii/framework/web/CController.php(286): CController->runAction(Object(CInlineAction))
#15 /viam/codebase/portal/softwares/yii/framework/web/CController.php(265): CController->runActionWithFilters(Object(CInlineAction), Array)
#16 /viam/codebase/portal/softwares/yii/framework/web/CWebApplication.php(282): CController->run('')
#17 /viam/codebase/portal/softwares/yii/framework/web/CWebApplication.php(141): CWebApplication->runController('user/recovery')
#18 /viam/codebase/portal/softwares/yii/framework/base/CApplication.php(169): CWebApplication->processRequest()
#19 /viam/codebase/portal/htdocs/index.php(14): CApplication->run()
#20 {main}
REQUEST_URI=/index.php?r=user/recovery
HTTP_REFERER=http://dev.viam.com/index.php?r=user/login
---
2013/06/03 12:45:50 [error] [exception.CException] exception 'CException' with message 'TbActiveForm and its behaviors do not have a method or closure named "getAttributeLabel".' in /viam/codebase/portal/softwares/yii/framework/base/CComponent.php:265
Stack trace:
#0 /viam/codebase/portal/htdocs/protected/extensions/bootstrap/widgets/input/TbInputInline.php(56): CComponent->__call('getAttributeLab...', Array)
#1 /viam/codebase/portal/htdocs/protected/extensions/bootstrap/widgets/input/TbInputInline.php(56): TbActiveForm->getAttributeLabel('login_or_email')
#2 /viam/codebase/portal/htdocs/protected/extensions/bootstrap/widgets/input/TbInput.php(230): TbInputInline->textField()
#3 /viam/codebase/portal/softwares/yii/framework/web/CBaseController.php(173): TbInput->run()
#4 /viam/codebase/portal/htdocs/protected/extensions/bootstrap/widgets/TbActiveForm.php(497): CBaseController->widget('bootstrap.widge...', Array)
#5 /viam/codebase/portal/htdocs/protected/extensions/bootstrap/widgets/TbActiveForm.php(186): TbActiveForm->inputRow('text', Object(TbActiveForm), 'login_or_email', NULL, Array)
#6 /viam/codebase/portal/htdocs/protected/modules/user/views/recovery/recovery.php(25): TbActiveForm->textFieldRow(Object(TbActiveForm), 'login_or_email', Array)
#7 /viam/codebase/portal/softwares/yii/framework/web/CBaseController.php(126): require('/viam/codebase/...')
#8 /viam/codebase/portal/softwares/yii/framework/web/CBaseController.php(95): CBaseController->renderInternal('/viam/codebase/...', Array, true)
#9 /viam/codebase/portal/softwares/yii/framework/web/CController.php(869): CBaseController->renderFile('/viam/codebase/...', Array, true)
#10 /viam/codebase/portal/softwares/yii/framework/web/CController.php(782): CController->renderPartial('recovery', Array, true)
#11 /viam/codebase/portal/htdocs/protected/modules/user/controllers/RecoveryController.php(64): CController->render('recovery', Array)
#12 /viam/codebase/portal/softwares/yii/framework/web/actions/CInlineAction.php(49): RecoveryController->actionRecovery()
#13 /viam/codebase/portal/softwares/yii/framework/web/CController.php(308): CInlineAction->runWithParams(Array)
#14 /viam/codebase/portal/softwares/yii/framework/web/CController.php(286): CController->runAction(Object(CInlineAction))
#15 /viam/codebase/portal/softwares/yii/framework/web/CController.php(265): CController->runActionWithFilters(Object(CInlineAction), Array)
#16 /viam/codebase/portal/softwares/yii/framework/web/CWebApplication.php(282): CController->run('')
#17 /viam/codebase/portal/softwares/yii/framework/web/CWebApplication.php(141): CWebApplication->runController('user/recovery')
#18 /viam/codebase/portal/softwares/yii/framework/base/CApplication.php(169): CWebApplication->processRequest()
#19 /viam/codebase/portal/htdocs/index.php(14): CApplication->run()
#20 {main}
REQUEST_URI=/index.php?r=user/recovery
HTTP_REFERER=http://dev.viam.com/index.php?r=user/login
---
2013/06/03 12:52:08 [error] [exception.CException] exception 'CException' with message 'RecoveryController has an extra endWidget() call in its view.' in /viam/codebase/portal/softwares/yii/framework/web/CBaseController.php:210
Stack trace:
#0 /viam/codebase/portal/htdocs/protected/modules/user/views/recovery/recovery.php(37): CBaseController->endWidget()
#1 /viam/codebase/portal/softwares/yii/framework/web/CBaseController.php(126): require('/viam/codebase/...')
#2 /viam/codebase/portal/softwares/yii/framework/web/CBaseController.php(95): CBaseController->renderInternal('/viam/codebase/...', Array, true)
#3 /viam/codebase/portal/softwares/yii/framework/web/CController.php(869): CBaseController->renderFile('/viam/codebase/...', Array, true)
#4 /viam/codebase/portal/softwares/yii/framework/web/CController.php(782): CController->renderPartial('recovery', Array, true)
#5 /viam/codebase/portal/htdocs/protected/modules/user/controllers/RecoveryController.php(64): CController->render('recovery', Array)
#6 /viam/codebase/portal/softwares/yii/framework/web/actions/CInlineAction.php(49): RecoveryController->actionRecovery()
#7 /viam/codebase/portal/softwares/yii/framework/web/CController.php(308): CInlineAction->runWithParams(Array)
#8 /viam/codebase/portal/softwares/yii/framework/web/CController.php(286): CController->runAction(Object(CInlineAction))
#9 /viam/codebase/portal/softwares/yii/framework/web/CController.php(265): CController->runActionWithFilters(Object(CInlineAction), Array)
#10 /viam/codebase/portal/softwares/yii/framework/web/CWebApplication.php(282): CController->run('')
#11 /viam/codebase/portal/softwares/yii/framework/web/CWebApplication.php(141): CWebApplication->runController('user/recovery')
#12 /viam/codebase/portal/softwares/yii/framework/base/CApplication.php(169): CWebApplication->processRequest()
#13 /viam/codebase/portal/htdocs/index.php(14): CApplication->run()
#14 {main}
REQUEST_URI=/index.php?r=user/recovery
HTTP_REFERER=http://dev.viam.com/index.php?r=user/recovery
---
2013/06/03 12:55:38 [error] [exception.CException] exception 'CException' with message 'Property "TbLabel.encode" is not defined.' in /viam/codebase/portal/softwares/yii/framework/base/CComponent.php:173
Stack trace:
#0 /viam/codebase/portal/softwares/yii/framework/web/CWidgetFactory.php(161): CComponent->__set('encode', true)
#1 /viam/codebase/portal/softwares/yii/framework/web/CBaseController.php(146): CWidgetFactory->createWidget(Object(RecoveryController), 'bootstrap.widge...', Array)
#2 /viam/codebase/portal/softwares/yii/framework/web/CBaseController.php(172): CBaseController->createWidget('bootstrap.widge...', Array)
#3 /viam/codebase/portal/htdocs/protected/modules/user/views/recovery/recovery.php(17): CBaseController->widget('bootstrap.widge...', Array)
#4 /viam/codebase/portal/softwares/yii/framework/web/CBaseController.php(126): require('/viam/codebase/...')
#5 /viam/codebase/portal/softwares/yii/framework/web/CBaseController.php(95): CBaseController->renderInternal('/viam/codebase/...', Array, true)
#6 /viam/codebase/portal/softwares/yii/framework/web/CController.php(869): CBaseController->renderFile('/viam/codebase/...', Array, true)
#7 /viam/codebase/portal/softwares/yii/framework/web/CController.php(782): CController->renderPartial('recovery', Array, true)
#8 /viam/codebase/portal/htdocs/protected/modules/user/controllers/RecoveryController.php(64): CController->render('recovery', Array)
#9 /viam/codebase/portal/softwares/yii/framework/web/actions/CInlineAction.php(49): RecoveryController->actionRecovery()
#10 /viam/codebase/portal/softwares/yii/framework/web/CController.php(308): CInlineAction->runWithParams(Array)
#11 /viam/codebase/portal/softwares/yii/framework/web/CController.php(286): CController->runAction(Object(CInlineAction))
#12 /viam/codebase/portal/softwares/yii/framework/web/CController.php(265): CController->runActionWithFilters(Object(CInlineAction), Array)
#13 /viam/codebase/portal/softwares/yii/framework/web/CWebApplication.php(282): CController->run('')
#14 /viam/codebase/portal/softwares/yii/framework/web/CWebApplication.php(141): CWebApplication->runController('user/recovery')
#15 /viam/codebase/portal/softwares/yii/framework/base/CApplication.php(169): CWebApplication->processRequest()
#16 /viam/codebase/portal/htdocs/index.php(14): CApplication->run()
#17 {main}
REQUEST_URI=/index.php?r=user/recovery
HTTP_REFERER=http://dev.viam.com/index.php?r=user/recovery
---
2013/06/03 13:35:12 [error] [exception.CHttpException.404] exception 'CHttpException' with message 'Unable to resolve the request "viam/profile".' in /viam/codebase/portal/softwares/yii/framework/web/CWebApplication.php:286
Stack trace:
#0 /viam/codebase/portal/softwares/yii/framework/web/CWebApplication.php(141): CWebApplication->runController('viam/profile')
#1 /viam/codebase/portal/softwares/yii/framework/base/CApplication.php(169): CWebApplication->processRequest()
#2 /viam/codebase/portal/htdocs/index.php(14): CApplication->run()
#3 {main}
REQUEST_URI=/index.php?r=viam/profile
---
2013/07/07 21:16:02 [error] [exception.CDbException] exception 'CDbException' with message 'CDbConnection failed to open the DB connection: SQLSTATE[HY000] [1045] Access denied for user 'root'@'localhost' (using password: YES)' in C:\Users\Shanu\Documents\GitHub\portal\softwares\yii\framework\db\CDbConnection.php:381
Stack trace:
#0 C:\Users\Shanu\Documents\GitHub\portal\softwares\yii\framework\db\CDbConnection.php(330): CDbConnection->open()
#1 C:\Users\Shanu\Documents\GitHub\portal\softwares\yii\framework\db\CDbConnection.php(308): CDbConnection->setActive(true)
#2 C:\Users\Shanu\Documents\GitHub\portal\softwares\yii\framework\base\CModule.php(387): CDbConnection->init()
#3 C:\Users\Shanu\Documents\GitHub\portal\softwares\yii\framework\base\CApplication.php(438): CModule->getComponent('db')
#4 C:\Users\Shanu\Documents\GitHub\portal\softwares\yii\framework\db\ar\CActiveRecord.php(623): CApplication->getDb()
#5 C:\Users\Shanu\Documents\GitHub\portal\softwares\yii\framework\db\ar\CActiveRecord.php(2309): CActiveRecord->getDbConnection()
#6 C:\Users\Shanu\Documents\GitHub\portal\softwares\yii\framework\db\ar\CActiveRecord.php(387): CActiveRecordMetaData->__construct(Object(Reminder))
#7 C:\Users\Shanu\Documents\GitHub\portal\htdocs\protected\modules\viam\models\Reminder.php(34): CActiveRecord::model('Reminder')
#8 C:\Users\Shanu\Documents\GitHub\portal\htdocs\protected\modules\viam\controllers\RemindersController.php(37): Reminder::model()
#9 C:\Users\Shanu\Documents\GitHub\portal\softwares\yii\framework\web\actions\CInlineAction.php(49): RemindersController->actionIndex()
#10 C:\Users\Shanu\Documents\GitHub\portal\softwares\yii\framework\web\CController.php(308): CInlineAction->runWithParams(Array)
#11 C:\Users\Shanu\Documents\GitHub\portal\softwares\yii\framework\web\filters\CFilterChain.php(133): CController->runAction(Object(CInlineAction))
#12 C:\Users\Shanu\Documents\GitHub\portal\softwares\yii\framework\web\filters\CFilter.php(40): CFilterChain->run()
#13 C:\Users\Shanu\Documents\GitHub\portal\softwares\yii\framework\web\CController.php(1145): CFilter->filter(Object(CFilterChain))
#14 C:\Users\Shanu\Documents\GitHub\portal\softwares\yii\framework\web\filters\CInlineFilter.php(58): CController->filterAccessControl(Object(CFilterChain))
#15 C:\Users\Shanu\Documents\GitHub\portal\softwares\yii\framework\web\filters\CFilterChain.php(130): CInlineFilter->filter(Object(CFilterChain))
#16 C:\Users\Shanu\Documents\GitHub\portal\softwares\yii\framework\web\CController.php(291): CFilterChain->run()
#17 C:\Users\Shanu\Documents\GitHub\portal\softwares\yii\framework\web\CController.php(265): CController->runActionWithFilters(Object(CInlineAction), Array)
#18 C:\Users\Shanu\Documents\GitHub\portal\softwares\yii\framework\web\CWebApplication.php(282): CController->run('')
#19 C:\Users\Shanu\Documents\GitHub\portal\softwares\yii\framework\web\CWebApplication.php(141): CWebApplication->runController('viam/reminders')
#20 C:\Users\Shanu\Documents\GitHub\portal\softwares\yii\framework\base\CApplication.php(169): CWebApplication->processRequest()
#21 C:\Users\Shanu\Documents\GitHub\portal\htdocs\index.php(14): CApplication->run()
#22 {main}
REQUEST_URI=/index.php/viam/reminders
---
2013/07/07 21:16:09 [error] [exception.CDbException] exception 'CDbException' with message 'CDbConnection failed to open the DB connection: SQLSTATE[HY000] [1045] Access denied for user 'root'@'localhost' (using password: YES)' in C:\Users\Shanu\Documents\GitHub\portal\softwares\yii\framework\db\CDbConnection.php:381
Stack trace:
#0 C:\Users\Shanu\Documents\GitHub\portal\softwares\yii\framework\db\CDbConnection.php(330): CDbConnection->open()
#1 C:\Users\Shanu\Documents\GitHub\portal\softwares\yii\framework\db\CDbConnection.php(308): CDbConnection->setActive(true)
#2 C:\Users\Shanu\Documents\GitHub\portal\softwares\yii\framework\base\CModule.php(387): CDbConnection->init()
#3 C:\Users\Shanu\Documents\GitHub\portal\softwares\yii\framework\base\CApplication.php(438): CModule->getComponent('db')
#4 C:\Users\Shanu\Documents\GitHub\portal\softwares\yii\framework\db\ar\CActiveRecord.php(623): CApplication->getDb()
#5 C:\Users\Shanu\Documents\GitHub\portal\softwares\yii\framework\db\ar\CActiveRecord.php(2309): CActiveRecord->getDbConnection()
#6 C:\Users\Shanu\Documents\GitHub\portal\softwares\yii\framework\db\ar\CActiveRecord.php(387): CActiveRecordMetaData->__construct(Object(Reminder))
#7 C:\Users\Shanu\Documents\GitHub\portal\htdocs\protected\modules\viam\models\Reminder.php(34): CActiveRecord::model('Reminder')
#8 C:\Users\Shanu\Documents\GitHub\portal\htdocs\protected\modules\viam\controllers\RemindersController.php(37): Reminder::model()
#9 C:\Users\Shanu\Documents\GitHub\portal\softwares\yii\framework\web\actions\CInlineAction.php(49): RemindersController->actionIndex()
#10 C:\Users\Shanu\Documents\GitHub\portal\softwares\yii\framework\web\CController.php(308): CInlineAction->runWithParams(Array)
#11 C:\Users\Shanu\Documents\GitHub\portal\softwares\yii\framework\web\filters\CFilterChain.php(133): CController->runAction(Object(CInlineAction))
#12 C:\Users\Shanu\Documents\GitHub\portal\softwares\yii\framework\web\filters\CFilter.php(40): CFilterChain->run()
#13 C:\Users\Shanu\Documents\GitHub\portal\softwares\yii\framework\web\CController.php(1145): CFilter->filter(Object(CFilterChain))
#14 C:\Users\Shanu\Documents\GitHub\portal\softwares\yii\framework\web\filters\CInlineFilter.php(58): CController->filterAccessControl(Object(CFilterChain))
#15 C:\Users\Shanu\Documents\GitHub\portal\softwares\yii\framework\web\filters\CFilterChain.php(130): CInlineFilter->filter(Object(CFilterChain))
#16 C:\Users\Shanu\Documents\GitHub\portal\softwares\yii\framework\web\CController.php(291): CFilterChain->run()
#17 C:\Users\Shanu\Documents\GitHub\portal\softwares\yii\framework\web\CController.php(265): CController->runActionWithFilters(Object(CInlineAction), Array)
#18 C:\Users\Shanu\Documents\GitHub\portal\softwares\yii\framework\web\CWebApplication.php(282): CController->run('')
#19 C:\Users\Shanu\Documents\GitHub\portal\softwares\yii\framework\web\CWebApplication.php(141): CWebApplication->runController('viam/reminders')
#20 C:\Users\Shanu\Documents\GitHub\portal\softwares\yii\framework\base\CApplication.php(169): CWebApplication->processRequest()
#21 C:\Users\Shanu\Documents\GitHub\portal\htdocs\index.php(14): CApplication->run()
#22 {main}
REQUEST_URI=/index.php/viam/reminders
---
